<?xml version="1.0" encoding="UTF-8"?>
<!-- Generated by org.testng.reporters.JUnitReportReporter -->
<testsuite hostname="DESKTOP-LHVEUFN" failures="0" tests="27" name="Stage_4_package.stage_4_class1" time="604.087" errors="2" timestamp="2022-05-23T15:51:38 IST" skipped="0">
  <testcase classname="Stage_4_package.stage_4_class1" name="f1" time="13.236"/>
  <system-out>
    <![CDATA[username is agni
password is Test@123
click_login]]>
  </system-out>
  <testcase classname="Stage_4_package.stage_4_class1" name="f2" time="22.488"/>
  <system-out>
    <![CDATA[username is agni
password is Test@123
click_login]]>
  </system-out>
  <testcase classname="Stage_4_package.stage_4_class1" name="f4" time="22.427"/>
  <system-out>
    <![CDATA[username is agni
password is Test@123
click_login]]>
  </system-out>
  <testcase classname="Stage_4_package.stage_4_class1" name="f3" time="18.343"/>
  <system-out>
    <![CDATA[username is agni
password is Test@123
click_login]]>
  </system-out>
  <testcase classname="Stage_4_package.stage_4_class1" name="f5" time="18.022"/>
  <system-out>
    <![CDATA[username is agni
password is Test@123
click_login]]>
  </system-out>
  <testcase classname="Stage_4_package.stage_4_class1" name="f6" time="15.257"/>
  <system-out>
    <![CDATA[username is agni
password is Test@123
click_login]]>
  </system-out>
  <testcase classname="Stage_4_package.stage_4_class1" name="f7" time="18.530"/>
  <system-out>
    <![CDATA[username is agni
password is Test@123
click_login]]>
  </system-out>
  <testcase classname="Stage_4_package.stage_4_class1" name="f8" time="16.291">
    <error type="java.lang.Exception">
      <![CDATA[java.lang.Exception
at Stage_4_package.stage_4_class1.f8(stage_4_class1.java:483)
at java.base/jdk.internal.reflect.NativeMethodAccessorImpl.invoke0(Native Method)
at java.base/jdk.internal.reflect.NativeMethodAccessorImpl.invoke(NativeMethodAccessorImpl.java:77)
at java.base/jdk.internal.reflect.DelegatingMethodAccessorImpl.invoke(DelegatingMethodAccessorImpl.java:43)
at java.base/java.lang.reflect.Method.invoke(Method.java:568)
at org.testng.internal.MethodInvocationHelper.invokeMethod(MethodInvocationHelper.java:133)
at org.testng.internal.TestInvoker.invokeMethod(TestInvoker.java:598)
at org.testng.internal.TestInvoker.invokeTestMethod(TestInvoker.java:173)
at org.testng.internal.MethodRunner.runInSequence(MethodRunner.java:46)
at org.testng.internal.TestInvoker$MethodInvocationAgent.invoke(TestInvoker.java:824)
at org.testng.internal.TestInvoker.invokeTestMethods(TestInvoker.java:146)
at org.testng.internal.TestMethodWorker.invokeTestMethods(TestMethodWorker.java:146)
at org.testng.internal.TestMethodWorker.run(TestMethodWorker.java:128)
at java.base/java.util.ArrayList.forEach(ArrayList.java:1511)
at org.testng.TestRunner.privateRun(TestRunner.java:794)
at org.testng.TestRunner.run(TestRunner.java:596)
at org.testng.SuiteRunner.runTest(SuiteRunner.java:377)
at org.testng.SuiteRunner.runSequentially(SuiteRunner.java:371)
at org.testng.SuiteRunner.privateRun(SuiteRunner.java:332)
at org.testng.SuiteRunner.run(SuiteRunner.java:276)
at org.testng.SuiteRunnerWorker.runSuite(SuiteRunnerWorker.java:53)
at org.testng.SuiteRunnerWorker.run(SuiteRunnerWorker.java:96)
at org.testng.TestNG.runSuitesSequentially(TestNG.java:1212)
at org.testng.TestNG.runSuitesLocally(TestNG.java:1134)
at org.testng.TestNG.runSuites(TestNG.java:1063)
at org.testng.TestNG.run(TestNG.java:1031)
at org.testng.remote.AbstractRemoteTestNG.run(AbstractRemoteTestNG.java:115)
at org.testng.remote.RemoteTestNG.initAndRun(RemoteTestNG.java:251)
at org.testng.remote.RemoteTestNG.main(RemoteTestNG.java:77)
]]>
    </error>
  </testcase> <!-- f8 -->
  <system-out>
    <![CDATA[username is agni
password is Test@123
click_login]]>
  </system-out>
  <testcase classname="Stage_4_package.stage_4_class1" name="f9" time="20.848">
    <error type="java.lang.Exception">
      <![CDATA[java.lang.Exception
at Stage_4_package.stage_4_class1.f9(stage_4_class1.java:581)
at java.base/jdk.internal.reflect.NativeMethodAccessorImpl.invoke0(Native Method)
at java.base/jdk.internal.reflect.NativeMethodAccessorImpl.invoke(NativeMethodAccessorImpl.java:77)
at java.base/jdk.internal.reflect.DelegatingMethodAccessorImpl.invoke(DelegatingMethodAccessorImpl.java:43)
at java.base/java.lang.reflect.Method.invoke(Method.java:568)
at org.testng.internal.MethodInvocationHelper.invokeMethod(MethodInvocationHelper.java:133)
at org.testng.internal.TestInvoker.invokeMethod(TestInvoker.java:598)
at org.testng.internal.TestInvoker.invokeTestMethod(TestInvoker.java:173)
at org.testng.internal.MethodRunner.runInSequence(MethodRunner.java:46)
at org.testng.internal.TestInvoker$MethodInvocationAgent.invoke(TestInvoker.java:824)
at org.testng.internal.TestInvoker.invokeTestMethods(TestInvoker.java:146)
at org.testng.internal.TestMethodWorker.invokeTestMethods(TestMethodWorker.java:146)
at org.testng.internal.TestMethodWorker.run(TestMethodWorker.java:128)
at java.base/java.util.ArrayList.forEach(ArrayList.java:1511)
at org.testng.TestRunner.privateRun(TestRunner.java:794)
at org.testng.TestRunner.run(TestRunner.java:596)
at org.testng.SuiteRunner.runTest(SuiteRunner.java:377)
at org.testng.SuiteRunner.runSequentially(SuiteRunner.java:371)
at org.testng.SuiteRunner.privateRun(SuiteRunner.java:332)
at org.testng.SuiteRunner.run(SuiteRunner.java:276)
at org.testng.SuiteRunnerWorker.runSuite(SuiteRunnerWorker.java:53)
at org.testng.SuiteRunnerWorker.run(SuiteRunnerWorker.java:96)
at org.testng.TestNG.runSuitesSequentially(TestNG.java:1212)
at org.testng.TestNG.runSuitesLocally(TestNG.java:1134)
at org.testng.TestNG.runSuites(TestNG.java:1063)
at org.testng.TestNG.run(TestNG.java:1031)
at org.testng.remote.AbstractRemoteTestNG.run(AbstractRemoteTestNG.java:115)
at org.testng.remote.RemoteTestNG.initAndRun(RemoteTestNG.java:251)
at org.testng.remote.RemoteTestNG.main(RemoteTestNG.java:77)
]]>
    </error>
  </testcase> <!-- f9 -->
  <system-out>
    <![CDATA[username is agni
password is Test@123
click_login]]>
  </system-out>
  <testcase classname="Stage_4_package.stage_4_class1" name="f10" time="29.866"/>
  <system-out>
    <![CDATA[username is agni
password is Test@123
click_login]]>
  </system-out>
  <testcase classname="Stage_4_package.stage_4_class1" name="f11" time="29.181"/>
  <system-out>
    <![CDATA[username is agni
password is Test@123
click_login]]>
  </system-out>
  <testcase classname="Stage_4_package.stage_4_class1" name="f12" time="26.110"/>
  <system-out>
    <![CDATA[username is agni
password is Test@123
click_login]]>
  </system-out>
  <testcase classname="Stage_4_package.stage_4_class1" name="f13" time="17.629"/>
  <system-out>
    <![CDATA[username is agni
password is Test@123
click_login]]>
  </system-out>
  <testcase classname="Stage_4_package.stage_4_class1" name="f14" time="29.461"/>
  <system-out>
    <![CDATA[username is agni
password is Test@123
click_login]]>
  </system-out>
  <testcase classname="Stage_4_package.stage_4_class1" name="f16" time="29.224"/>
  <system-out>
    <![CDATA[username is agni
password is Test@123
click_login]]>
  </system-out>
  <testcase classname="Stage_4_package.stage_4_class1" name="f15" time="23.550"/>
  <system-out>
    <![CDATA[username is agni
password is Test@123
click_login]]>
  </system-out>
  <testcase classname="Stage_4_package.stage_4_class1" name="f17" time="16.085"/>
  <system-out>
    <![CDATA[username is agni
password is Test@123
click_login]]>
  </system-out>
  <testcase classname="Stage_4_package.stage_4_class1" name="f18" time="16.794"/>
  <system-out>
    <![CDATA[username is agni
password is Test@123
click_login]]>
  </system-out>
  <testcase classname="Stage_4_package.stage_4_class1" name="f19" time="20.483"/>
  <system-out>
    <![CDATA[username is agni
password is Test@123
click_login]]>
  </system-out>
  <testcase classname="Stage_4_package.stage_4_class1" name="f20" time="27.490"/>
  <system-out>
    <![CDATA[username is agni
password is Test@123
click_login]]>
  </system-out>
  <testcase classname="Stage_4_package.stage_4_class1" name="f22" time="31.537"/>
  <system-out>
    <![CDATA[username is agni
password is Test@123
click_login]]>
  </system-out>
  <testcase classname="Stage_4_package.stage_4_class1" name="f21" time="27.053"/>
  <system-out>
    <![CDATA[username is agni
password is Test@123
click_login]]>
  </system-out>
  <testcase classname="Stage_4_package.stage_4_class1" name="f23" time="22.091"/>
  <system-out>
    <![CDATA[username is agni
password is Test@123
click_login]]>
  </system-out>
  <testcase classname="Stage_4_package.stage_4_class1" name="f24" time="32.488"/>
  <system-out>
    <![CDATA[username is agni
password is Test@123
click_login]]>
  </system-out>
  <testcase classname="Stage_4_package.stage_4_class1" name="f25" time="24.577"/>
  <system-out>
    <![CDATA[username is agni
password is Test@123
click_login]]>
  </system-out>
  <testcase classname="Stage_4_package.stage_4_class1" name="f26" time="17.488"/>
  <system-out>
    <![CDATA[username is agni
password is Test@123
click_login]]>
  </system-out>
  <testcase classname="Stage_4_package.stage_4_class1" name="f27" time="17.538"/>
  <system-out>
    <![CDATA[username is agni
password is Test@123
click_login]]>
  </system-out>
</testsuite> <!-- Stage_4_package.stage_4_class1 -->
